<?xml version="1.0" encoding="UTF-8"?>
<!-- Generated by org.testng.reporters.JUnitXMLReporter -->
<testsuite hostname="DESKTOP-I0JO520" name="Test" tests="1" failures="1" timestamp="29 Mar 2021 07:02:42 GMT" time="0.581" errors="0">
  <testcase name="bMgrLogin" time="0.137" classname="TestCases.BankManagerLogin">
    <failure type="java.lang.AssertionError" message="Bank Manager Not able to Login Successfully expected [true] but found [false]">
      <![CDATA[java.lang.AssertionError: Bank Manager Not able to Login Successfully expected [true] but found [false]
	at TestCases.BankManagerLogin.bMgrLogin(BankManagerLogin.java:14)
... Removed 28 stack frames]]>
    </failure>
  </testcase> <!-- bMgrLogin -->
</testsuite> <!-- Test -->
