<?xml version="1.0" encoding="UTF-8"?>
<testng-results skipped="0" failed="0" ignored="0" total="5" passed="5">
  <reporter-output>
  </reporter-output>
  <suite name="Suite" duration-ms="3453" started-at="2021-04-16T21:04:52 IST" finished-at="2021-04-16T21:04:56 IST">
    <groups>
      <group name="bml">
        <method signature="BankManagerLogin.bMgrLogin()[pri:0, instance:TestCases.BankManagerLogin@49438269]" name="bMgrLogin" class="TestCases.BankManagerLogin"/>
      </group> <!-- bml -->
    </groups>
    <test name="Bank Manager Login Test" duration-ms="448" started-at="2021-04-16T21:04:52 IST" finished-at="2021-04-16T21:04:53 IST">
      <class name="TestCases.BankManagerLogin">
        <test-method status="PASS" signature="bMgrLogin()[pri:0, instance:TestCases.BankManagerLogin@49438269]" name="bMgrLogin" duration-ms="410" started-at="2021-04-16T21:04:52 IST" finished-at="2021-04-16T21:04:53 IST">
          <reporter-output>
          </reporter-output>
        </test-method> <!-- bMgrLogin -->
      </class> <!-- TestCases.BankManagerLogin -->
    </test> <!-- Bank Manager Login Test -->
    <test name="Add Customer Test" duration-ms="1846" started-at="2021-04-16T21:04:53 IST" finished-at="2021-04-16T21:04:54 IST">
      <class name="TestCases.AddCustomer">
        <test-method status="PASS" signature="addCustomer(java.lang.String,java.lang.String,java.lang.String)[pri:0, instance:TestCases.AddCustomer@7c9d8e2]" name="addCustomer" duration-ms="1205" started-at="2021-04-16T21:04:53 IST" data-provider="dp" finished-at="2021-04-16T21:04:54 IST">
          <params>
            <param index="0">
              <value>
                <![CDATA[Vikas]]>
              </value>
            </param>
            <param index="1">
              <value>
                <![CDATA[Anand]]>
              </value>
            </param>
            <param index="2">
              <value>
                <![CDATA[251001.0]]>
              </value>
            </param>
          </params>
          <reporter-output>
          </reporter-output>
        </test-method> <!-- addCustomer -->
        <test-method status="PASS" signature="addCustomer(java.lang.String,java.lang.String,java.lang.String)[pri:0, instance:TestCases.AddCustomer@7c9d8e2]" name="addCustomer" duration-ms="614" started-at="2021-04-16T21:04:54 IST" data-provider="dp" finished-at="2021-04-16T21:04:54 IST">
          <params>
            <param index="0">
              <value>
                <![CDATA[Shalu]]>
              </value>
            </param>
            <param index="1">
              <value>
                <![CDATA[Sapra]]>
              </value>
            </param>
            <param index="2">
              <value>
                <![CDATA[251002.0]]>
              </value>
            </param>
          </params>
          <reporter-output>
          </reporter-output>
        </test-method> <!-- addCustomer -->
      </class> <!-- TestCases.AddCustomer -->
    </test> <!-- Add Customer Test -->
    <test name="Create Account Test" duration-ms="1129" started-at="2021-04-16T21:04:54 IST" finished-at="2021-04-16T21:04:56 IST">
      <class name="TestCases.CreateAccountTest">
        <test-method status="PASS" signature="setUP()[pri:0, instance:TestCases.CreateAccountTest@6f4a47c7]" name="setUP" is-config="true" duration-ms="6772" started-at="2021-04-16T21:04:45 IST" finished-at="2021-04-16T21:04:52 IST">
          <reporter-output>
          </reporter-output>
        </test-method> <!-- setUP -->
        <test-method status="PASS" signature="createAccount(java.lang.String,java.lang.String)[pri:0, instance:TestCases.CreateAccountTest@6f4a47c7]" name="createAccount" duration-ms="779" started-at="2021-04-16T21:04:54 IST" data-provider="dp" finished-at="2021-04-16T21:04:55 IST">
          <params>
            <param index="0">
              <value>
                <![CDATA[Vikas Anand]]>
              </value>
            </param>
            <param index="1">
              <value>
                <![CDATA[Rupee]]>
              </value>
            </param>
          </params>
          <reporter-output>
          </reporter-output>
        </test-method> <!-- createAccount -->
        <test-method status="PASS" signature="createAccount(java.lang.String,java.lang.String)[pri:0, instance:TestCases.CreateAccountTest@6f4a47c7]" name="createAccount" duration-ms="345" started-at="2021-04-16T21:04:55 IST" data-provider="dp" finished-at="2021-04-16T21:04:56 IST">
          <params>
            <param index="0">
              <value>
                <![CDATA[Shalu Sapra]]>
              </value>
            </param>
            <param index="1">
              <value>
                <![CDATA[Rupee]]>
              </value>
            </param>
          </params>
          <reporter-output>
          </reporter-output>
        </test-method> <!-- createAccount -->
        <test-method status="PASS" signature="tearDown()[pri:0, instance:TestCases.CreateAccountTest@6f4a47c7]" name="tearDown" is-config="true" duration-ms="143" started-at="2021-04-16T21:04:56 IST" finished-at="2021-04-16T21:04:56 IST">
          <reporter-output>
          </reporter-output>
        </test-method> <!-- tearDown -->
      </class> <!-- TestCases.CreateAccountTest -->
    </test> <!-- Create Account Test -->
  </suite> <!-- Suite -->
</testng-results>
