<?xml version="1.0" encoding="UTF-8"?>
<testng-results skipped="0" failed="0" total="5" passed="5">
  <reporter-output>
  </reporter-output>
  <suite name="Suite" duration-ms="3169" started-at="2021-03-29T09:42:01Z" finished-at="2021-03-29T09:42:04Z">
    <groups>
      <group name="bml">
        <method signature="BankManagerLogin.bMgrLogin()[pri:0, instance:TestCases.BankManagerLogin@411f53a0]" name="bMgrLogin" class="TestCases.BankManagerLogin"/>
      </group> <!-- bml -->
    </groups>
    <test name="Bank Manager Login Test" duration-ms="218" started-at="2021-03-29T09:42:01Z" finished-at="2021-03-29T09:42:01Z">
      <class name="TestCases.BankManagerLogin">
        <test-method status="PASS" signature="bMgrLogin()[pri:0, instance:TestCases.BankManagerLogin@411f53a0]" name="bMgrLogin" duration-ms="170" started-at="2021-03-29T15:12:01Z" finished-at="2021-03-29T15:12:01Z">
          <reporter-output>
          </reporter-output>
        </test-method> <!-- bMgrLogin -->
      </class> <!-- TestCases.BankManagerLogin -->
    </test> <!-- Bank Manager Login Test -->
    <test name="Add Customer Test" duration-ms="1665" started-at="2021-03-29T09:42:01Z" finished-at="2021-03-29T09:42:03Z">
      <class name="TestCases.AddCustomer">
        <test-method status="PASS" signature="addCustomer(java.lang.String, java.lang.String, java.lang.String)[pri:0, instance:TestCases.AddCustomer@6a6cb05c]" name="addCustomer" duration-ms="956" started-at="2021-03-29T15:12:01Z" data-provider="dp" finished-at="2021-03-29T15:12:02Z">
          <params>
            <param index="0">
              <value>
                <![CDATA[Vikas]]>
              </value>
            </param>
            <param index="1">
              <value>
                <![CDATA[Anand]]>
              </value>
            </param>
            <param index="2">
              <value>
                <![CDATA[251001.0]]>
              </value>
            </param>
          </params>
          <reporter-output>
          </reporter-output>
        </test-method> <!-- addCustomer -->
        <test-method status="PASS" signature="addCustomer(java.lang.String, java.lang.String, java.lang.String)[pri:0, instance:TestCases.AddCustomer@6a6cb05c]" name="addCustomer" duration-ms="677" started-at="2021-03-29T15:12:02Z" data-provider="dp" finished-at="2021-03-29T15:12:03Z">
          <params>
            <param index="0">
              <value>
                <![CDATA[Shalu]]>
              </value>
            </param>
            <param index="1">
              <value>
                <![CDATA[Sapra]]>
              </value>
            </param>
            <param index="2">
              <value>
                <![CDATA[251002.0]]>
              </value>
            </param>
          </params>
          <reporter-output>
          </reporter-output>
        </test-method> <!-- addCustomer -->
      </class> <!-- TestCases.AddCustomer -->
    </test> <!-- Add Customer Test -->
    <test name="Create Account Test" duration-ms="1255" started-at="2021-03-29T09:42:03Z" finished-at="2021-03-29T09:42:04Z">
      <class name="TestCases.CreateAccountTest">
        <test-method status="PASS" signature="setUP()[pri:0, instance:TestCases.CreateAccountTest@1165b38]" name="setUP" is-config="true" duration-ms="6752" started-at="2021-03-29T15:11:54Z" finished-at="2021-03-29T15:12:01Z">
          <reporter-output>
          </reporter-output>
        </test-method> <!-- setUP -->
        <test-method status="PASS" signature="createAccount(java.lang.String, java.lang.String)[pri:0, instance:TestCases.CreateAccountTest@1165b38]" name="createAccount" duration-ms="891" started-at="2021-03-29T15:12:03Z" data-provider="dp" finished-at="2021-03-29T15:12:04Z">
          <params>
            <param index="0">
              <value>
                <![CDATA[Vikas Anand]]>
              </value>
            </param>
            <param index="1">
              <value>
                <![CDATA[Rupee]]>
              </value>
            </param>
          </params>
          <reporter-output>
          </reporter-output>
        </test-method> <!-- createAccount -->
        <test-method status="PASS" signature="createAccount(java.lang.String, java.lang.String)[pri:0, instance:TestCases.CreateAccountTest@1165b38]" name="createAccount" duration-ms="351" started-at="2021-03-29T15:12:04Z" data-provider="dp" finished-at="2021-03-29T15:12:04Z">
          <params>
            <param index="0">
              <value>
                <![CDATA[Shalu Sapra]]>
              </value>
            </param>
            <param index="1">
              <value>
                <![CDATA[Rupee]]>
              </value>
            </param>
          </params>
          <reporter-output>
          </reporter-output>
        </test-method> <!-- createAccount -->
        <test-method status="PASS" signature="tearDown()[pri:0, instance:TestCases.CreateAccountTest@1165b38]" name="tearDown" is-config="true" duration-ms="953" started-at="2021-03-29T15:12:04Z" finished-at="2021-03-29T15:12:05Z">
          <reporter-output>
          </reporter-output>
        </test-method> <!-- tearDown -->
      </class> <!-- TestCases.CreateAccountTest -->
    </test> <!-- Create Account Test -->
  </suite> <!-- Suite -->
</testng-results>
